<?xml version="1.0" encoding="UTF-8"?>
<testsuite name="ChatServiceTest" tests="1" skipped="0" failures="0" errors="0" timestamp="2022-06-11T09:31:35" hostname="DESKTOP-LMQMU5N" time="0.353">
  <properties/>
  <testcase name="getMessagesFromChat" classname="ChatServiceTest" time="0.353"/>
  <system-out><![CDATA[]]></system-out>
  <system-err><![CDATA[]]></system-err>
</testsuite>
